-------------------------------------------------------------------------------
Test set: proseccoCoding.TLN.model.ServiceTypeTest
-------------------------------------------------------------------------------
Tests run: 5, Failures: 1, Errors: 0, Skipped: 0, Time elapsed: 0.019 s <<< FAILURE! - in proseccoCoding.TLN.model.ServiceTypeTest
testServiceType  Time elapsed: 0.002 s  <<< FAILURE!
org.opentest4j.AssertionFailedError: Expected java.lang.IllegalArgumentException to be thrown, but nothing was thrown.
	at proseccoCoding.TLN.model.ServiceTypeTest.testServiceType(ServiceTypeTest.java:29)

