<?xml version="1.0" encoding="UTF-8"?>
<testsuite xmlns:xsi="http://www.w3.org/2001/XMLSchema-instance" xsi:noNamespaceSchemaLocation="https://maven.apache.org/surefire/maven-surefire-plugin/xsd/surefire-test-report.xsd" name="proseccoCoding.TLN.model.ServiceTypeTest" time="0.018" tests="5" errors="0" skipped="0" failures="0">
  <properties>
[...]
</properties>
  <testcase name="testHashCodeNotEquals" classname="proseccoCoding.TLN.model.ServiceTypeTest" time="0.001"/>
  <testcase name="testHashCodeEquals" classname="proseccoCoding.TLN.model.ServiceTypeTest" time="0.004"/>
  <testcase name="testEqualsObject" classname="proseccoCoding.TLN.model.ServiceTypeTest" time="0.002"/>
  <testcase name="testNotEqualsObject" classname="proseccoCoding.TLN.model.ServiceTypeTest" time="0.002"/>
  <testcase name="testServiceType" classname="proseccoCoding.TLN.model.ServiceTypeTest" time="0.003"/>
</testsuite>